Added Component: Designator=CLOCK1(HDR2.54-M-LI-5P)
Add component. Clean all parameters for all variants
Add component (AddParameter): Name = "BOM名称"; Value = "5P接插件"; VariantName = "[No Variations]"
Add component (AddParameter): Name = "学习资源"; Value = "www.ooocke.com"; VariantName = "[No Variations]"
Add component (AddParameter): Name = "版权归属"; Value = "源创客"; VariantName = "[No Variations]"
Added Component: Designator=DIS1(HDR2.54-M-LI-4P)
Add component. Clean all parameters for all variants
Add component (AddParameter): Name = "BOM名称"; Value = "4P接插件"; VariantName = "[No Variations]"
Add component (AddParameter): Name = "学习资源"; Value = "www.ooocke.com"; VariantName = "[No Variations]"
Add component (AddParameter): Name = "版权归属"; Value = "源创客"; VariantName = "[No Variations]"
Added Component: Designator=LED1(LED 5MM-R)
Add component. Clean all parameters for all variants
Add component (AddParameter): Name = "BOM名称"; Value = "5mm插件LED"; VariantName = "[No Variations]"
Add component (AddParameter): Name = "学习资源"; Value = "www.ooocke.com"; VariantName = "[No Variations]"
Add component (AddParameter): Name = "版权归属"; Value = "源创客"; VariantName = "[No Variations]"
Added Component: Designator=S1(HDR2.54-M-LI-3P)
Add component. Clean all parameters for all variants
Add component (AddParameter): Name = "BOM名称"; Value = "3P接插件"; VariantName = "[No Variations]"
Add component (AddParameter): Name = "学习资源"; Value = "www.ooocke.com"; VariantName = "[No Variations]"
Add component (AddParameter): Name = "版权归属"; Value = "源创客"; VariantName = "[No Variations]"
Added Component: Designator=S2(HDR2.54-M-LI-3P)
Add component. Clean all parameters for all variants
Add component (AddParameter): Name = "BOM名称"; Value = "3P接插件"; VariantName = "[No Variations]"
Add component (AddParameter): Name = "学习资源"; Value = "www.ooocke.com"; VariantName = "[No Variations]"
Add component (AddParameter): Name = "版权归属"; Value = "源创客"; VariantName = "[No Variations]"
Added Component: Designator=S3(HDR2.54-M-LI-3P)
Add component. Clean all parameters for all variants
Add component (AddParameter): Name = "BOM名称"; Value = "3P接插件"; VariantName = "[No Variations]"
Add component (AddParameter): Name = "学习资源"; Value = "www.ooocke.com"; VariantName = "[No Variations]"
Add component (AddParameter): Name = "版权归属"; Value = "源创客"; VariantName = "[No Variations]"
Added Component: Designator=SW1(TSW DIP-3*6*5)
Add component. Clean all parameters for all variants
Add component (AddParameter): Name = "BOM名称"; Value = "3x6轻触开关"; VariantName = "[No Variations]"
Add component (AddParameter): Name = "学习资源"; Value = "www.ooocke.com"; VariantName = "[No Variations]"
Add component (AddParameter): Name = "版权归属"; Value = "源创客"; VariantName = "[No Variations]"
Added Component: Designator=SW2(TSW DIP-3*6*5)
Add component. Clean all parameters for all variants
Add component (AddParameter): Name = "BOM名称"; Value = "3x6轻触开关"; VariantName = "[No Variations]"
Add component (AddParameter): Name = "学习资源"; Value = "www.ooocke.com"; VariantName = "[No Variations]"
Add component (AddParameter): Name = "版权归属"; Value = "源创客"; VariantName = "[No Variations]"
Added Component: Designator=SW3(TSW DIP-3*6*5)
Add component. Clean all parameters for all variants
Add component (AddParameter): Name = "BOM名称"; Value = "3x6轻触开关"; VariantName = "[No Variations]"
Add component (AddParameter): Name = "学习资源"; Value = "www.ooocke.com"; VariantName = "[No Variations]"
Add component (AddParameter): Name = "版权归属"; Value = "源创客"; VariantName = "[No Variations]"
Added Component: Designator=U(HDR2.54-M-LI-15P -NodeMCU)
Add component. Clean all parameters for all variants
Add component (AddParameter): Name = "BOM名称"; Value = "15P接插件"; VariantName = "[No Variations]"
Add component (AddParameter): Name = "学习资源"; Value = "www.ooocke.com"; VariantName = "[No Variations]"
Add component (AddParameter): Name = "版权归属"; Value = "源创客"; VariantName = "[No Variations]"
Added Pin To Net: NetName=A0 Pin=S1-1
Added Pin To Net: NetName=A0 Pin=U-1
Added Net: Name=A0
Added Pin To Net: NetName=D0 Pin=CLOCK1-1
Added Pin To Net: NetName=D0 Pin=U-16
Added Net: Name=D0
Added Pin To Net: NetName=D1 Pin=DIS1-4
Added Pin To Net: NetName=D1 Pin=U-17
Added Net: Name=D1
Added Pin To Net: NetName=D2 Pin=DIS1-3
Added Pin To Net: NetName=D2 Pin=U-18
Added Net: Name=D2
Added Pin To Net: NetName=D3 Pin=CLOCK1-2
Added Pin To Net: NetName=D3 Pin=U-19
Added Net: Name=D3
Added Pin To Net: NetName=D4 Pin=CLOCK1-3
Added Pin To Net: NetName=D4 Pin=U-20
Added Net: Name=D4
Added Pin To Net: NetName=D9 Pin=S3-2
Added Pin To Net: NetName=D9 Pin=U-27
Added Net: Name=D9
Added Pin To Net: NetName=GND Pin=CLOCK1-4
Added Pin To Net: NetName=GND Pin=DIS1-1
Added Pin To Net: NetName=GND Pin=LED1-2
Added Pin To Net: NetName=GND Pin=S1-2
Added Pin To Net: NetName=GND Pin=S2-1
Added Pin To Net: NetName=GND Pin=S3-1
Added Pin To Net: NetName=GND Pin=SW1-2
Added Pin To Net: NetName=GND Pin=SW2-2
Added Pin To Net: NetName=GND Pin=SW3-2
Added Pin To Net: NetName=GND Pin=U-14
Added Net: Name=GND
Added Pin To Net: NetName=NetSW1_1 Pin=SW1-1
Added Pin To Net: NetName=NetSW1_1 Pin=U-23
Added Net: Name=NetSW1_1
Added Pin To Net: NetName=NetSW2_1 Pin=SW2-1
Added Pin To Net: NetName=NetSW2_1 Pin=U-24
Added Net: Name=NetSW2_1
Added Pin To Net: NetName=NetSW3_1 Pin=SW3-1
Added Pin To Net: NetName=NetSW3_1 Pin=U-25
Added Net: Name=NetSW3_1
Added Pin To Net: NetName=SD3 Pin=LED1-1
Added Pin To Net: NetName=SD3 Pin=S2-2
Added Pin To Net: NetName=SD3 Pin=U-4
Added Net: Name=SD3
Added Pin To Net: NetName=VCC Pin=CLOCK1-5
Added Pin To Net: NetName=VCC Pin=DIS1-2
Added Pin To Net: NetName=VCC Pin=S1-3
Added Pin To Net: NetName=VCC Pin=S2-3
Added Pin To Net: NetName=VCC Pin=S3-3
Added Pin To Net: NetName=VCC Pin=U-11
Added Net: Name=VCC
Added Class: Name=Flynk
Added Room: Name=Flynk
